<?xml version="1.0" encoding="UTF-8"?>
<testsuite name="PrimaryTestCases" tests="1" skipped="0" failures="0" errors="0" timestamp="2024-04-27T14:19:59" hostname="Avadhesh" time="3.669">
  <properties/>
  <testcase name="testSFW" classname="PrimaryTestCases" time="3.669"/>
  <system-out><![CDATA[[+] Logical RelNode:
LogicalProject(FIRST_NAME=[$1])
  LogicalFilter(condition=[AND(>($0, 100), <($0, 150))])
    PTableScan(table=[[FILM_DB, actor]])

[+] Physical RelNode:
PProjectFilter(FIRST_NAME=[$1])
  PTableScan(table=[[FILM_DB, actor]])

Test passed :)
]]></system-out>
  <system-err><![CDATA[]]></system-err>
</testsuite>
